2005-05-09 10:33:12,531 - Log4JLogSystem initialized using logfile velocity.log
2005-05-09 10:33:12,531 - ************************************************************** 
2005-05-09 10:33:12,531 - Starting Jakarta Velocity v1.4-dev
2005-05-09 10:33:12,531 - RuntimeInstance initializing.
2005-05-09 10:33:12,531 - Default Properties File: org\apache\velocity\runtime\defaults\velocity.properties
2005-05-09 10:33:12,531 - Trying to use logger class middlegen.DontCloseLog4JLogSystem
2005-05-09 10:33:12,531 - Using logger class middlegen.DontCloseLog4JLogSystem
2005-05-09 10:33:12,546 - Default ResourceManager initializing. (class org.apache.velocity.runtime.resource.ResourceManagerImpl)
2005-05-09 10:33:12,578 - Resource Loader Instantiated: middlegen.KindFileResourceLoader
2005-05-09 10:33:12,578 - FileResourceLoader : initialization starting.
2005-05-09 10:33:12,578 - FileResourceLoader : adding path '.'
2005-05-09 10:33:12,578 - FileResourceLoader : initialization complete.
2005-05-09 10:33:12,578 - ClasspathResourceLoader : initialization starting.
2005-05-09 10:33:12,578 - ClasspathResourceLoader : initialization complete.
2005-05-09 10:33:12,578 - ResourceCache : initialized. (class org.apache.velocity.runtime.resource.ResourceCacheImpl)
2005-05-09 10:33:12,578 - Default ResourceManager initialization complete.
2005-05-09 10:33:12,593 - Loaded System Directive: org.apache.velocity.runtime.directive.Literal
2005-05-09 10:33:12,593 - Loaded System Directive: org.apache.velocity.runtime.directive.Macro
2005-05-09 10:33:12,609 - Loaded System Directive: org.apache.velocity.runtime.directive.Parse
2005-05-09 10:33:12,609 - Loaded System Directive: org.apache.velocity.runtime.directive.Include
2005-05-09 10:33:12,625 - Loaded System Directive: org.apache.velocity.runtime.directive.Foreach
2005-05-09 10:33:12,812 - Created: 20 parsers.
2005-05-09 10:33:12,843 - Velocimacro : initialization starting.
2005-05-09 10:33:12,843 - Velocimacro : adding VMs from VM library template : VM_global_library.vm
2005-05-09 10:33:12,859 - KindFileResourceLoader : file loader failed to load: VM_global_library.vm
2005-05-09 10:33:12,890 - ResourceManager : found VM_global_library.vm with loader middlegen.KindFileResourceLoader
2005-05-09 10:33:12,890 - Velocimacro :  VM library template macro registration complete.
2005-05-09 10:33:12,890 - Velocimacro : allowInline = true : VMs can be defined inline in templates
2005-05-09 10:33:12,890 - Velocimacro : allowInlineToOverride = false : VMs defined inline may NOT replace previous VM definitions
2005-05-09 10:33:12,890 - Velocimacro : allowInlineLocal = false : VMs defined inline will be  global in scope if allowed.
2005-05-09 10:33:12,890 - Velocimacro : messages on  : VM system will output logging messages
2005-05-09 10:33:12,890 - Velocimacro : autoload off  : VM system will not automatically reload global library macros
2005-05-09 10:33:12,890 - Velocimacro : initialization complete.
2005-05-09 10:33:12,890 - Velocity successfully started.
2005-05-09 10:36:06,156 - Log4JLogSystem initialized using logfile velocity.log
2005-05-09 10:36:06,156 - Log4JLogSystem initialized using logfile velocity.log
2005-05-09 10:36:06,156 - ************************************************************** 
2005-05-09 10:36:06,156 - ************************************************************** 
2005-05-09 10:36:06,156 - Starting Jakarta Velocity v1.4-dev
2005-05-09 10:36:06,156 - Starting Jakarta Velocity v1.4-dev
2005-05-09 10:36:06,156 - RuntimeInstance initializing.
2005-05-09 10:36:06,156 - RuntimeInstance initializing.
2005-05-09 10:36:06,156 - Default Properties File: org\apache\velocity\runtime\defaults\velocity.properties
2005-05-09 10:36:06,156 - Default Properties File: org\apache\velocity\runtime\defaults\velocity.properties
2005-05-09 10:36:06,156 - Trying to use logger class middlegen.DontCloseLog4JLogSystem
2005-05-09 10:36:06,156 - Trying to use logger class middlegen.DontCloseLog4JLogSystem
2005-05-09 10:36:06,156 - Using logger class middlegen.DontCloseLog4JLogSystem
2005-05-09 10:36:06,156 - Using logger class middlegen.DontCloseLog4JLogSystem
2005-05-09 10:36:06,156 - Default ResourceManager initializing. (class org.apache.velocity.runtime.resource.ResourceManagerImpl)
2005-05-09 10:36:06,156 - Default ResourceManager initializing. (class org.apache.velocity.runtime.resource.ResourceManagerImpl)
2005-05-09 10:36:06,156 - Resource Loader Instantiated: middlegen.KindFileResourceLoader
2005-05-09 10:36:06,156 - Resource Loader Instantiated: middlegen.KindFileResourceLoader
2005-05-09 10:36:06,156 - FileResourceLoader : initialization starting.
2005-05-09 10:36:06,156 - FileResourceLoader : initialization starting.
2005-05-09 10:36:06,156 - FileResourceLoader : adding path '.'
2005-05-09 10:36:06,156 - FileResourceLoader : adding path '.'
2005-05-09 10:36:06,156 - FileResourceLoader : initialization complete.
2005-05-09 10:36:06,156 - FileResourceLoader : initialization complete.
2005-05-09 10:36:06,156 - ClasspathResourceLoader : initialization starting.
2005-05-09 10:36:06,156 - ClasspathResourceLoader : initialization starting.
2005-05-09 10:36:06,156 - ClasspathResourceLoader : initialization complete.
2005-05-09 10:36:06,156 - ClasspathResourceLoader : initialization complete.
2005-05-09 10:36:06,156 - ResourceCache : initialized. (class org.apache.velocity.runtime.resource.ResourceCacheImpl)
2005-05-09 10:36:06,156 - ResourceCache : initialized. (class org.apache.velocity.runtime.resource.ResourceCacheImpl)
2005-05-09 10:36:06,156 - Default ResourceManager initialization complete.
2005-05-09 10:36:06,156 - Default ResourceManager initialization complete.
2005-05-09 10:36:06,171 - Loaded System Directive: org.apache.velocity.runtime.directive.Literal
2005-05-09 10:36:06,171 - Loaded System Directive: org.apache.velocity.runtime.directive.Literal
2005-05-09 10:36:06,171 - Loaded System Directive: org.apache.velocity.runtime.directive.Macro
2005-05-09 10:36:06,171 - Loaded System Directive: org.apache.velocity.runtime.directive.Macro
2005-05-09 10:36:06,171 - Loaded System Directive: org.apache.velocity.runtime.directive.Parse
2005-05-09 10:36:06,171 - Loaded System Directive: org.apache.velocity.runtime.directive.Parse
2005-05-09 10:36:06,171 - Loaded System Directive: org.apache.velocity.runtime.directive.Include
2005-05-09 10:36:06,171 - Loaded System Directive: org.apache.velocity.runtime.directive.Include
2005-05-09 10:36:06,171 - Loaded System Directive: org.apache.velocity.runtime.directive.Foreach
2005-05-09 10:36:06,171 - Loaded System Directive: org.apache.velocity.runtime.directive.Foreach
2005-05-09 10:36:06,187 - Created: 20 parsers.
2005-05-09 10:36:06,187 - Created: 20 parsers.
2005-05-09 10:36:06,187 - Velocimacro : initialization starting.
2005-05-09 10:36:06,187 - Velocimacro : initialization starting.
2005-05-09 10:36:06,187 - Velocimacro : adding VMs from VM library template : VM_global_library.vm
2005-05-09 10:36:06,187 - Velocimacro : adding VMs from VM library template : VM_global_library.vm
2005-05-09 10:36:06,187 - KindFileResourceLoader : file loader failed to load: VM_global_library.vm
2005-05-09 10:36:06,187 - KindFileResourceLoader : file loader failed to load: VM_global_library.vm
2005-05-09 10:36:06,203 - ResourceManager : found VM_global_library.vm with loader middlegen.KindFileResourceLoader
2005-05-09 10:36:06,203 - ResourceManager : found VM_global_library.vm with loader middlegen.KindFileResourceLoader
2005-05-09 10:36:06,203 - Velocimacro :  VM library template macro registration complete.
2005-05-09 10:36:06,203 - Velocimacro :  VM library template macro registration complete.
2005-05-09 10:36:06,203 - Velocimacro : allowInline = true : VMs can be defined inline in templates
2005-05-09 10:36:06,203 - Velocimacro : allowInline = true : VMs can be defined inline in templates
2005-05-09 10:36:06,203 - Velocimacro : allowInlineToOverride = false : VMs defined inline may NOT replace previous VM definitions
2005-05-09 10:36:06,203 - Velocimacro : allowInlineToOverride = false : VMs defined inline may NOT replace previous VM definitions
2005-05-09 10:36:06,203 - Velocimacro : allowInlineLocal = false : VMs defined inline will be  global in scope if allowed.
2005-05-09 10:36:06,203 - Velocimacro : allowInlineLocal = false : VMs defined inline will be  global in scope if allowed.
2005-05-09 10:36:06,203 - Velocimacro : messages on  : VM system will output logging messages
2005-05-09 10:36:06,203 - Velocimacro : messages on  : VM system will output logging messages
2005-05-09 10:36:06,203 - Velocimacro : autoload off  : VM system will not automatically reload global library macros
2005-05-09 10:36:06,203 - Velocimacro : autoload off  : VM system will not automatically reload global library macros
2005-05-09 10:36:06,203 - Velocimacro : initialization complete.
2005-05-09 10:36:06,203 - Velocimacro : initialization complete.
2005-05-09 10:36:06,203 - Velocity successfully started.
2005-05-09 10:36:06,203 - Velocity successfully started.
2005-05-09 10:36:06,562 - Log4JLogSystem initialized using logfile velocity.log
2005-05-09 10:36:06,562 - Log4JLogSystem initialized using logfile velocity.log
2005-05-09 10:36:06,562 - Log4JLogSystem initialized using logfile velocity.log
2005-05-09 10:36:06,562 - ************************************************************** 
2005-05-09 10:36:06,562 - ************************************************************** 
2005-05-09 10:36:06,562 - ************************************************************** 
2005-05-09 10:36:06,562 - Starting Jakarta Velocity v1.4-dev
2005-05-09 10:36:06,562 - Starting Jakarta Velocity v1.4-dev
2005-05-09 10:36:06,562 - Starting Jakarta Velocity v1.4-dev
2005-05-09 10:36:06,562 - RuntimeInstance initializing.
2005-05-09 10:36:06,562 - RuntimeInstance initializing.
2005-05-09 10:36:06,562 - RuntimeInstance initializing.
2005-05-09 10:36:06,562 - Default Properties File: org\apache\velocity\runtime\defaults\velocity.properties
2005-05-09 10:36:06,562 - Default Properties File: org\apache\velocity\runtime\defaults\velocity.properties
2005-05-09 10:36:06,562 - Default Properties File: org\apache\velocity\runtime\defaults\velocity.properties
2005-05-09 10:36:06,562 - Trying to use logger class middlegen.DontCloseLog4JLogSystem
2005-05-09 10:36:06,562 - Trying to use logger class middlegen.DontCloseLog4JLogSystem
2005-05-09 10:36:06,562 - Trying to use logger class middlegen.DontCloseLog4JLogSystem
2005-05-09 10:36:06,562 - Using logger class middlegen.DontCloseLog4JLogSystem
2005-05-09 10:36:06,562 - Using logger class middlegen.DontCloseLog4JLogSystem
2005-05-09 10:36:06,562 - Using logger class middlegen.DontCloseLog4JLogSystem
2005-05-09 10:36:06,562 - Default ResourceManager initializing. (class org.apache.velocity.runtime.resource.ResourceManagerImpl)
2005-05-09 10:36:06,562 - Default ResourceManager initializing. (class org.apache.velocity.runtime.resource.ResourceManagerImpl)
2005-05-09 10:36:06,562 - Default ResourceManager initializing. (class org.apache.velocity.runtime.resource.ResourceManagerImpl)
2005-05-09 10:36:06,562 - Resource Loader Instantiated: middlegen.KindFileResourceLoader
2005-05-09 10:36:06,562 - Resource Loader Instantiated: middlegen.KindFileResourceLoader
2005-05-09 10:36:06,562 - Resource Loader Instantiated: middlegen.KindFileResourceLoader
2005-05-09 10:36:06,562 - FileResourceLoader : initialization starting.
2005-05-09 10:36:06,562 - FileResourceLoader : initialization starting.
2005-05-09 10:36:06,562 - FileResourceLoader : initialization starting.
2005-05-09 10:36:06,578 - FileResourceLoader : adding path '.'
2005-05-09 10:36:06,578 - FileResourceLoader : adding path '.'
2005-05-09 10:36:06,578 - FileResourceLoader : adding path '.'
2005-05-09 10:36:06,578 - FileResourceLoader : initialization complete.
2005-05-09 10:36:06,578 - FileResourceLoader : initialization complete.
2005-05-09 10:36:06,578 - FileResourceLoader : initialization complete.
2005-05-09 10:36:06,578 - ClasspathResourceLoader : initialization starting.
2005-05-09 10:36:06,578 - ClasspathResourceLoader : initialization starting.
2005-05-09 10:36:06,578 - ClasspathResourceLoader : initialization starting.
2005-05-09 10:36:06,578 - ClasspathResourceLoader : initialization complete.
2005-05-09 10:36:06,578 - ClasspathResourceLoader : initialization complete.
2005-05-09 10:36:06,578 - ClasspathResourceLoader : initialization complete.
2005-05-09 10:36:06,578 - ResourceCache : initialized. (class org.apache.velocity.runtime.resource.ResourceCacheImpl)
2005-05-09 10:36:06,578 - ResourceCache : initialized. (class org.apache.velocity.runtime.resource.ResourceCacheImpl)
2005-05-09 10:36:06,578 - ResourceCache : initialized. (class org.apache.velocity.runtime.resource.ResourceCacheImpl)
2005-05-09 10:36:06,578 - Default ResourceManager initialization complete.
2005-05-09 10:36:06,578 - Default ResourceManager initialization complete.
2005-05-09 10:36:06,578 - Default ResourceManager initialization complete.
2005-05-09 10:36:06,578 - Loaded System Directive: org.apache.velocity.runtime.directive.Literal
2005-05-09 10:36:06,578 - Loaded System Directive: org.apache.velocity.runtime.directive.Literal
2005-05-09 10:36:06,578 - Loaded System Directive: org.apache.velocity.runtime.directive.Literal
2005-05-09 10:36:06,578 - Loaded System Directive: org.apache.velocity.runtime.directive.Macro
2005-05-09 10:36:06,578 - Loaded System Directive: org.apache.velocity.runtime.directive.Macro
2005-05-09 10:36:06,578 - Loaded System Directive: org.apache.velocity.runtime.directive.Macro
2005-05-09 10:36:06,578 - Loaded System Directive: org.apache.velocity.runtime.directive.Parse
2005-05-09 10:36:06,578 - Loaded System Directive: org.apache.velocity.runtime.directive.Parse
2005-05-09 10:36:06,578 - Loaded System Directive: org.apache.velocity.runtime.directive.Parse
2005-05-09 10:36:06,578 - Loaded System Directive: org.apache.velocity.runtime.directive.Include
2005-05-09 10:36:06,578 - Loaded System Directive: org.apache.velocity.runtime.directive.Include
2005-05-09 10:36:06,578 - Loaded System Directive: org.apache.velocity.runtime.directive.Include
2005-05-09 10:36:06,578 - Loaded System Directive: org.apache.velocity.runtime.directive.Foreach
2005-05-09 10:36:06,578 - Loaded System Directive: org.apache.velocity.runtime.directive.Foreach
2005-05-09 10:36:06,578 - Loaded System Directive: org.apache.velocity.runtime.directive.Foreach
2005-05-09 10:36:06,593 - Created: 20 parsers.
2005-05-09 10:36:06,593 - Created: 20 parsers.
2005-05-09 10:36:06,593 - Created: 20 parsers.
2005-05-09 10:36:06,593 - Velocimacro : initialization starting.
2005-05-09 10:36:06,593 - Velocimacro : initialization starting.
2005-05-09 10:36:06,593 - Velocimacro : initialization starting.
2005-05-09 10:36:06,593 - Velocimacro : adding VMs from VM library template : VM_global_library.vm
2005-05-09 10:36:06,593 - Velocimacro : adding VMs from VM library template : VM_global_library.vm
2005-05-09 10:36:06,593 - Velocimacro : adding VMs from VM library template : VM_global_library.vm
2005-05-09 10:36:06,593 - KindFileResourceLoader : file loader failed to load: VM_global_library.vm
2005-05-09 10:36:06,593 - KindFileResourceLoader : file loader failed to load: VM_global_library.vm
2005-05-09 10:36:06,593 - KindFileResourceLoader : file loader failed to load: VM_global_library.vm
2005-05-09 10:36:06,609 - ResourceManager : found VM_global_library.vm with loader middlegen.KindFileResourceLoader
2005-05-09 10:36:06,609 - ResourceManager : found VM_global_library.vm with loader middlegen.KindFileResourceLoader
2005-05-09 10:36:06,609 - ResourceManager : found VM_global_library.vm with loader middlegen.KindFileResourceLoader
2005-05-09 10:36:06,609 - Velocimacro :  VM library template macro registration complete.
2005-05-09 10:36:06,609 - Velocimacro :  VM library template macro registration complete.
2005-05-09 10:36:06,609 - Velocimacro :  VM library template macro registration complete.
2005-05-09 10:36:06,609 - Velocimacro : allowInline = true : VMs can be defined inline in templates
2005-05-09 10:36:06,609 - Velocimacro : allowInline = true : VMs can be defined inline in templates
2005-05-09 10:36:06,609 - Velocimacro : allowInline = true : VMs can be defined inline in templates
2005-05-09 10:36:06,609 - Velocimacro : allowInlineToOverride = false : VMs defined inline may NOT replace previous VM definitions
2005-05-09 10:36:06,609 - Velocimacro : allowInlineToOverride = false : VMs defined inline may NOT replace previous VM definitions
2005-05-09 10:36:06,609 - Velocimacro : allowInlineToOverride = false : VMs defined inline may NOT replace previous VM definitions
2005-05-09 10:36:06,609 - Velocimacro : allowInlineLocal = false : VMs defined inline will be  global in scope if allowed.
2005-05-09 10:36:06,609 - Velocimacro : allowInlineLocal = false : VMs defined inline will be  global in scope if allowed.
2005-05-09 10:36:06,609 - Velocimacro : allowInlineLocal = false : VMs defined inline will be  global in scope if allowed.
2005-05-09 10:36:06,609 - Velocimacro : messages on  : VM system will output logging messages
2005-05-09 10:36:06,609 - Velocimacro : messages on  : VM system will output logging messages
2005-05-09 10:36:06,609 - Velocimacro : messages on  : VM system will output logging messages
2005-05-09 10:36:06,609 - Velocimacro : autoload off  : VM system will not automatically reload global library macros
2005-05-09 10:36:06,609 - Velocimacro : autoload off  : VM system will not automatically reload global library macros
2005-05-09 10:36:06,609 - Velocimacro : autoload off  : VM system will not automatically reload global library macros
2005-05-09 10:36:06,609 - Velocimacro : initialization complete.
2005-05-09 10:36:06,609 - Velocimacro : initialization complete.
2005-05-09 10:36:06,609 - Velocimacro : initialization complete.
2005-05-09 10:36:06,609 - Velocity successfully started.
2005-05-09 10:36:06,609 - Velocity successfully started.
2005-05-09 10:36:06,609 - Velocity successfully started.
2005-05-09 10:36:06,750 - Log4JLogSystem initialized using logfile velocity.log
2005-05-09 10:36:06,750 - Log4JLogSystem initialized using logfile velocity.log
2005-05-09 10:36:06,750 - Log4JLogSystem initialized using logfile velocity.log
2005-05-09 10:36:06,750 - Log4JLogSystem initialized using logfile velocity.log
2005-05-09 10:36:06,750 - ************************************************************** 
2005-05-09 10:36:06,750 - ************************************************************** 
2005-05-09 10:36:06,750 - ************************************************************** 
2005-05-09 10:36:06,750 - ************************************************************** 
2005-05-09 10:36:06,750 - Starting Jakarta Velocity v1.4-dev
2005-05-09 10:36:06,750 - Starting Jakarta Velocity v1.4-dev
2005-05-09 10:36:06,750 - Starting Jakarta Velocity v1.4-dev
2005-05-09 10:36:06,750 - Starting Jakarta Velocity v1.4-dev
2005-05-09 10:36:06,750 - RuntimeInstance initializing.
2005-05-09 10:36:06,750 - RuntimeInstance initializing.
2005-05-09 10:36:06,750 - RuntimeInstance initializing.
2005-05-09 10:36:06,750 - RuntimeInstance initializing.
2005-05-09 10:36:06,750 - Default Properties File: org\apache\velocity\runtime\defaults\velocity.properties
2005-05-09 10:36:06,750 - Default Properties File: org\apache\velocity\runtime\defaults\velocity.properties
2005-05-09 10:36:06,750 - Default Properties File: org\apache\velocity\runtime\defaults\velocity.properties
2005-05-09 10:36:06,750 - Default Properties File: org\apache\velocity\runtime\defaults\velocity.properties
2005-05-09 10:36:06,750 - Trying to use logger class middlegen.DontCloseLog4JLogSystem
2005-05-09 10:36:06,750 - Trying to use logger class middlegen.DontCloseLog4JLogSystem
2005-05-09 10:36:06,750 - Trying to use logger class middlegen.DontCloseLog4JLogSystem
2005-05-09 10:36:06,750 - Trying to use logger class middlegen.DontCloseLog4JLogSystem
2005-05-09 10:36:06,750 - Using logger class middlegen.DontCloseLog4JLogSystem
2005-05-09 10:36:06,750 - Using logger class middlegen.DontCloseLog4JLogSystem
2005-05-09 10:36:06,750 - Using logger class middlegen.DontCloseLog4JLogSystem
2005-05-09 10:36:06,750 - Using logger class middlegen.DontCloseLog4JLogSystem
2005-05-09 10:36:06,750 - Default ResourceManager initializing. (class org.apache.velocity.runtime.resource.ResourceManagerImpl)
2005-05-09 10:36:06,750 - Default ResourceManager initializing. (class org.apache.velocity.runtime.resource.ResourceManagerImpl)
2005-05-09 10:36:06,750 - Default ResourceManager initializing. (class org.apache.velocity.runtime.resource.ResourceManagerImpl)
2005-05-09 10:36:06,750 - Default ResourceManager initializing. (class org.apache.velocity.runtime.resource.ResourceManagerImpl)
2005-05-09 10:36:06,750 - Resource Loader Instantiated: middlegen.KindFileResourceLoader
2005-05-09 10:36:06,750 - Resource Loader Instantiated: middlegen.KindFileResourceLoader
2005-05-09 10:36:06,750 - Resource Loader Instantiated: middlegen.KindFileResourceLoader
2005-05-09 10:36:06,750 - Resource Loader Instantiated: middlegen.KindFileResourceLoader
2005-05-09 10:36:06,750 - FileResourceLoader : initialization starting.
2005-05-09 10:36:06,750 - FileResourceLoader : initialization starting.
2005-05-09 10:36:06,750 - FileResourceLoader : initialization starting.
2005-05-09 10:36:06,750 - FileResourceLoader : initialization starting.
2005-05-09 10:36:06,750 - FileResourceLoader : adding path '.'
2005-05-09 10:36:06,750 - FileResourceLoader : adding path '.'
2005-05-09 10:36:06,750 - FileResourceLoader : adding path '.'
2005-05-09 10:36:06,750 - FileResourceLoader : adding path '.'
2005-05-09 10:36:06,750 - FileResourceLoader : initialization complete.
2005-05-09 10:36:06,750 - FileResourceLoader : initialization complete.
2005-05-09 10:36:06,750 - FileResourceLoader : initialization complete.
2005-05-09 10:36:06,750 - FileResourceLoader : initialization complete.
2005-05-09 10:36:06,750 - ClasspathResourceLoader : initialization starting.
2005-05-09 10:36:06,750 - ClasspathResourceLoader : initialization starting.
2005-05-09 10:36:06,750 - ClasspathResourceLoader : initialization starting.
2005-05-09 10:36:06,750 - ClasspathResourceLoader : initialization starting.
2005-05-09 10:36:06,750 - ClasspathResourceLoader : initialization complete.
2005-05-09 10:36:06,750 - ClasspathResourceLoader : initialization complete.
2005-05-09 10:36:06,750 - ClasspathResourceLoader : initialization complete.
2005-05-09 10:36:06,750 - ClasspathResourceLoader : initialization complete.
2005-05-09 10:36:06,750 - ResourceCache : initialized. (class org.apache.velocity.runtime.resource.ResourceCacheImpl)
2005-05-09 10:36:06,750 - ResourceCache : initialized. (class org.apache.velocity.runtime.resource.ResourceCacheImpl)
2005-05-09 10:36:06,750 - ResourceCache : initialized. (class org.apache.velocity.runtime.resource.ResourceCacheImpl)
2005-05-09 10:36:06,750 - ResourceCache : initialized. (class org.apache.velocity.runtime.resource.ResourceCacheImpl)
2005-05-09 10:36:06,750 - Default ResourceManager initialization complete.
2005-05-09 10:36:06,750 - Default ResourceManager initialization complete.
2005-05-09 10:36:06,750 - Default ResourceManager initialization complete.
2005-05-09 10:36:06,750 - Default ResourceManager initialization complete.
2005-05-09 10:36:06,750 - Loaded System Directive: org.apache.velocity.runtime.directive.Literal
2005-05-09 10:36:06,750 - Loaded System Directive: org.apache.velocity.runtime.directive.Literal
2005-05-09 10:36:06,750 - Loaded System Directive: org.apache.velocity.runtime.directive.Literal
2005-05-09 10:36:06,750 - Loaded System Directive: org.apache.velocity.runtime.directive.Literal
2005-05-09 10:36:06,750 - Loaded System Directive: org.apache.velocity.runtime.directive.Macro
2005-05-09 10:36:06,750 - Loaded System Directive: org.apache.velocity.runtime.directive.Macro
2005-05-09 10:36:06,750 - Loaded System Directive: org.apache.velocity.runtime.directive.Macro
2005-05-09 10:36:06,750 - Loaded System Directive: org.apache.velocity.runtime.directive.Macro
2005-05-09 10:36:06,750 - Loaded System Directive: org.apache.velocity.runtime.directive.Parse
2005-05-09 10:36:06,750 - Loaded System Directive: org.apache.velocity.runtime.directive.Parse
2005-05-09 10:36:06,750 - Loaded System Directive: org.apache.velocity.runtime.directive.Parse
2005-05-09 10:36:06,750 - Loaded System Directive: org.apache.velocity.runtime.directive.Parse
2005-05-09 10:36:06,750 - Loaded System Directive: org.apache.velocity.runtime.directive.Include
2005-05-09 10:36:06,750 - Loaded System Directive: org.apache.velocity.runtime.directive.Include
2005-05-09 10:36:06,750 - Loaded System Directive: org.apache.velocity.runtime.directive.Include
2005-05-09 10:36:06,750 - Loaded System Directive: org.apache.velocity.runtime.directive.Include
2005-05-09 10:36:06,750 - Loaded System Directive: org.apache.velocity.runtime.directive.Foreach
2005-05-09 10:36:06,750 - Loaded System Directive: org.apache.velocity.runtime.directive.Foreach
2005-05-09 10:36:06,750 - Loaded System Directive: org.apache.velocity.runtime.directive.Foreach
2005-05-09 10:36:06,750 - Loaded System Directive: org.apache.velocity.runtime.directive.Foreach
2005-05-09 10:36:06,765 - Created: 20 parsers.
2005-05-09 10:36:06,765 - Created: 20 parsers.
2005-05-09 10:36:06,765 - Created: 20 parsers.
2005-05-09 10:36:06,765 - Created: 20 parsers.
2005-05-09 10:36:06,765 - Velocimacro : initialization starting.
2005-05-09 10:36:06,765 - Velocimacro : initialization starting.
2005-05-09 10:36:06,765 - Velocimacro : initialization starting.
2005-05-09 10:36:06,765 - Velocimacro : initialization starting.
2005-05-09 10:36:06,765 - Velocimacro : adding VMs from VM library template : VM_global_library.vm
2005-05-09 10:36:06,765 - Velocimacro : adding VMs from VM library template : VM_global_library.vm
2005-05-09 10:36:06,765 - Velocimacro : adding VMs from VM library template : VM_global_library.vm
2005-05-09 10:36:06,765 - Velocimacro : adding VMs from VM library template : VM_global_library.vm
2005-05-09 10:36:06,765 - KindFileResourceLoader : file loader failed to load: VM_global_library.vm
2005-05-09 10:36:06,765 - KindFileResourceLoader : file loader failed to load: VM_global_library.vm
2005-05-09 10:36:06,765 - KindFileResourceLoader : file loader failed to load: VM_global_library.vm
2005-05-09 10:36:06,765 - KindFileResourceLoader : file loader failed to load: VM_global_library.vm
2005-05-09 10:36:06,906 - ResourceManager : found VM_global_library.vm with loader middlegen.KindFileResourceLoader
2005-05-09 10:36:06,906 - ResourceManager : found VM_global_library.vm with loader middlegen.KindFileResourceLoader
2005-05-09 10:36:06,906 - ResourceManager : found VM_global_library.vm with loader middlegen.KindFileResourceLoader
2005-05-09 10:36:06,906 - ResourceManager : found VM_global_library.vm with loader middlegen.KindFileResourceLoader
2005-05-09 10:36:06,906 - Velocimacro :  VM library template macro registration complete.
2005-05-09 10:36:06,906 - Velocimacro :  VM library template macro registration complete.
2005-05-09 10:36:06,906 - Velocimacro :  VM library template macro registration complete.
2005-05-09 10:36:06,906 - Velocimacro :  VM library template macro registration complete.
2005-05-09 10:36:06,906 - Velocimacro : allowInline = true : VMs can be defined inline in templates
2005-05-09 10:36:06,906 - Velocimacro : allowInline = true : VMs can be defined inline in templates
2005-05-09 10:36:06,906 - Velocimacro : allowInline = true : VMs can be defined inline in templates
2005-05-09 10:36:06,906 - Velocimacro : allowInline = true : VMs can be defined inline in templates
2005-05-09 10:36:06,906 - Velocimacro : allowInlineToOverride = false : VMs defined inline may NOT replace previous VM definitions
2005-05-09 10:36:06,906 - Velocimacro : allowInlineToOverride = false : VMs defined inline may NOT replace previous VM definitions
2005-05-09 10:36:06,906 - Velocimacro : allowInlineToOverride = false : VMs defined inline may NOT replace previous VM definitions
2005-05-09 10:36:06,906 - Velocimacro : allowInlineToOverride = false : VMs defined inline may NOT replace previous VM definitions
2005-05-09 10:36:06,906 - Velocimacro : allowInlineLocal = false : VMs defined inline will be  global in scope if allowed.
2005-05-09 10:36:06,906 - Velocimacro : allowInlineLocal = false : VMs defined inline will be  global in scope if allowed.
2005-05-09 10:36:06,906 - Velocimacro : allowInlineLocal = false : VMs defined inline will be  global in scope if allowed.
2005-05-09 10:36:06,906 - Velocimacro : allowInlineLocal = false : VMs defined inline will be  global in scope if allowed.
2005-05-09 10:36:06,906 - Velocimacro : messages on  : VM system will output logging messages
2005-05-09 10:36:06,906 - Velocimacro : messages on  : VM system will output logging messages
2005-05-09 10:36:06,906 - Velocimacro : messages on  : VM system will output logging messages
2005-05-09 10:36:06,906 - Velocimacro : messages on  : VM system will output logging messages
2005-05-09 10:36:06,906 - Velocimacro : autoload off  : VM system will not automatically reload global library macros
2005-05-09 10:36:06,906 - Velocimacro : autoload off  : VM system will not automatically reload global library macros
2005-05-09 10:36:06,906 - Velocimacro : autoload off  : VM system will not automatically reload global library macros
2005-05-09 10:36:06,906 - Velocimacro : autoload off  : VM system will not automatically reload global library macros
2005-05-09 10:36:06,906 - Velocimacro : initialization complete.
2005-05-09 10:36:06,906 - Velocimacro : initialization complete.
2005-05-09 10:36:06,906 - Velocimacro : initialization complete.
2005-05-09 10:36:06,906 - Velocimacro : initialization complete.
2005-05-09 10:36:06,906 - Velocity successfully started.
2005-05-09 10:36:06,906 - Velocity successfully started.
2005-05-09 10:36:06,906 - Velocity successfully started.
2005-05-09 10:36:06,906 - Velocity successfully started.
2005-05-09 10:36:07,015 - Log4JLogSystem initialized using logfile velocity.log
2005-05-09 10:36:07,015 - Log4JLogSystem initialized using logfile velocity.log
2005-05-09 10:36:07,015 - Log4JLogSystem initialized using logfile velocity.log
2005-05-09 10:36:07,015 - Log4JLogSystem initialized using logfile velocity.log
2005-05-09 10:36:07,015 - Log4JLogSystem initialized using logfile velocity.log
2005-05-09 10:36:07,015 - ************************************************************** 
2005-05-09 10:36:07,015 - ************************************************************** 
2005-05-09 10:36:07,015 - ************************************************************** 
2005-05-09 10:36:07,015 - ************************************************************** 
2005-05-09 10:36:07,015 - ************************************************************** 
2005-05-09 10:36:07,015 - Starting Jakarta Velocity v1.4-dev
2005-05-09 10:36:07,015 - Starting Jakarta Velocity v1.4-dev
2005-05-09 10:36:07,015 - Starting Jakarta Velocity v1.4-dev
2005-05-09 10:36:07,015 - Starting Jakarta Velocity v1.4-dev
2005-05-09 10:36:07,015 - Starting Jakarta Velocity v1.4-dev
2005-05-09 10:36:07,015 - RuntimeInstance initializing.
2005-05-09 10:36:07,015 - RuntimeInstance initializing.
2005-05-09 10:36:07,015 - RuntimeInstance initializing.
2005-05-09 10:36:07,015 - RuntimeInstance initializing.
2005-05-09 10:36:07,015 - RuntimeInstance initializing.
2005-05-09 10:36:07,015 - Default Properties File: org\apache\velocity\runtime\defaults\velocity.properties
2005-05-09 10:36:07,015 - Default Properties File: org\apache\velocity\runtime\defaults\velocity.properties
2005-05-09 10:36:07,015 - Default Properties File: org\apache\velocity\runtime\defaults\velocity.properties
2005-05-09 10:36:07,015 - Default Properties File: org\apache\velocity\runtime\defaults\velocity.properties
2005-05-09 10:36:07,015 - Default Properties File: org\apache\velocity\runtime\defaults\velocity.properties
2005-05-09 10:36:07,015 - Trying to use logger class middlegen.DontCloseLog4JLogSystem
2005-05-09 10:36:07,015 - Trying to use logger class middlegen.DontCloseLog4JLogSystem
2005-05-09 10:36:07,015 - Trying to use logger class middlegen.DontCloseLog4JLogSystem
2005-05-09 10:36:07,015 - Trying to use logger class middlegen.DontCloseLog4JLogSystem
2005-05-09 10:36:07,015 - Trying to use logger class middlegen.DontCloseLog4JLogSystem
2005-05-09 10:36:07,015 - Using logger class middlegen.DontCloseLog4JLogSystem
2005-05-09 10:36:07,015 - Using logger class middlegen.DontCloseLog4JLogSystem
2005-05-09 10:36:07,015 - Using logger class middlegen.DontCloseLog4JLogSystem
2005-05-09 10:36:07,015 - Using logger class middlegen.DontCloseLog4JLogSystem
2005-05-09 10:36:07,015 - Using logger class middlegen.DontCloseLog4JLogSystem
2005-05-09 10:36:07,015 - Default ResourceManager initializing. (class org.apache.velocity.runtime.resource.ResourceManagerImpl)
2005-05-09 10:36:07,015 - Default ResourceManager initializing. (class org.apache.velocity.runtime.resource.ResourceManagerImpl)
2005-05-09 10:36:07,015 - Default ResourceManager initializing. (class org.apache.velocity.runtime.resource.ResourceManagerImpl)
2005-05-09 10:36:07,015 - Default ResourceManager initializing. (class org.apache.velocity.runtime.resource.ResourceManagerImpl)
2005-05-09 10:36:07,015 - Default ResourceManager initializing. (class org.apache.velocity.runtime.resource.ResourceManagerImpl)
2005-05-09 10:36:07,015 - Resource Loader Instantiated: middlegen.KindFileResourceLoader
2005-05-09 10:36:07,015 - Resource Loader Instantiated: middlegen.KindFileResourceLoader
2005-05-09 10:36:07,015 - Resource Loader Instantiated: middlegen.KindFileResourceLoader
2005-05-09 10:36:07,015 - Resource Loader Instantiated: middlegen.KindFileResourceLoader
2005-05-09 10:36:07,015 - Resource Loader Instantiated: middlegen.KindFileResourceLoader
2005-05-09 10:36:07,015 - FileResourceLoader : initialization starting.
2005-05-09 10:36:07,015 - FileResourceLoader : initialization starting.
2005-05-09 10:36:07,015 - FileResourceLoader : initialization starting.
2005-05-09 10:36:07,015 - FileResourceLoader : initialization starting.
2005-05-09 10:36:07,015 - FileResourceLoader : initialization starting.
2005-05-09 10:36:07,015 - FileResourceLoader : adding path '.'
2005-05-09 10:36:07,015 - FileResourceLoader : adding path '.'
2005-05-09 10:36:07,015 - FileResourceLoader : adding path '.'
2005-05-09 10:36:07,015 - FileResourceLoader : adding path '.'
2005-05-09 10:36:07,015 - FileResourceLoader : adding path '.'
2005-05-09 10:36:07,015 - FileResourceLoader : initialization complete.
2005-05-09 10:36:07,015 - FileResourceLoader : initialization complete.
2005-05-09 10:36:07,015 - FileResourceLoader : initialization complete.
2005-05-09 10:36:07,015 - FileResourceLoader : initialization complete.
2005-05-09 10:36:07,015 - FileResourceLoader : initialization complete.
2005-05-09 10:36:07,015 - ClasspathResourceLoader : initialization starting.
2005-05-09 10:36:07,015 - ClasspathResourceLoader : initialization starting.
2005-05-09 10:36:07,015 - ClasspathResourceLoader : initialization starting.
2005-05-09 10:36:07,015 - ClasspathResourceLoader : initialization starting.
2005-05-09 10:36:07,015 - ClasspathResourceLoader : initialization starting.
2005-05-09 10:36:07,015 - ClasspathResourceLoader : initialization complete.
2005-05-09 10:36:07,015 - ClasspathResourceLoader : initialization complete.
2005-05-09 10:36:07,015 - ClasspathResourceLoader : initialization complete.
2005-05-09 10:36:07,015 - ClasspathResourceLoader : initialization complete.
2005-05-09 10:36:07,015 - ClasspathResourceLoader : initialization complete.
2005-05-09 10:36:07,031 - ResourceCache : initialized. (class org.apache.velocity.runtime.resource.ResourceCacheImpl)
2005-05-09 10:36:07,031 - ResourceCache : initialized. (class org.apache.velocity.runtime.resource.ResourceCacheImpl)
2005-05-09 10:36:07,031 - ResourceCache : initialized. (class org.apache.velocity.runtime.resource.ResourceCacheImpl)
2005-05-09 10:36:07,031 - ResourceCache : initialized. (class org.apache.velocity.runtime.resource.ResourceCacheImpl)
2005-05-09 10:36:07,031 - ResourceCache : initialized. (class org.apache.velocity.runtime.resource.ResourceCacheImpl)
2005-05-09 10:36:07,031 - Default ResourceManager initialization complete.
2005-05-09 10:36:07,031 - Default ResourceManager initialization complete.
2005-05-09 10:36:07,031 - Default ResourceManager initialization complete.
2005-05-09 10:36:07,031 - Default ResourceManager initialization complete.
2005-05-09 10:36:07,031 - Default ResourceManager initialization complete.
2005-05-09 10:36:07,031 - Loaded System Directive: org.apache.velocity.runtime.directive.Literal
2005-05-09 10:36:07,031 - Loaded System Directive: org.apache.velocity.runtime.directive.Literal
2005-05-09 10:36:07,031 - Loaded System Directive: org.apache.velocity.runtime.directive.Literal
2005-05-09 10:36:07,031 - Loaded System Directive: org.apache.velocity.runtime.directive.Literal
2005-05-09 10:36:07,031 - Loaded System Directive: org.apache.velocity.runtime.directive.Literal
2005-05-09 10:36:07,031 - Loaded System Directive: org.apache.velocity.runtime.directive.Macro
2005-05-09 10:36:07,031 - Loaded System Directive: org.apache.velocity.runtime.directive.Macro
2005-05-09 10:36:07,031 - Loaded System Directive: org.apache.velocity.runtime.directive.Macro
2005-05-09 10:36:07,031 - Loaded System Directive: org.apache.velocity.runtime.directive.Macro
2005-05-09 10:36:07,031 - Loaded System Directive: org.apache.velocity.runtime.directive.Macro
2005-05-09 10:36:07,031 - Loaded System Directive: org.apache.velocity.runtime.directive.Parse
2005-05-09 10:36:07,031 - Loaded System Directive: org.apache.velocity.runtime.directive.Parse
2005-05-09 10:36:07,031 - Loaded System Directive: org.apache.velocity.runtime.directive.Parse
2005-05-09 10:36:07,031 - Loaded System Directive: org.apache.velocity.runtime.directive.Parse
2005-05-09 10:36:07,031 - Loaded System Directive: org.apache.velocity.runtime.directive.Parse
2005-05-09 10:36:07,031 - Loaded System Directive: org.apache.velocity.runtime.directive.Include
2005-05-09 10:36:07,031 - Loaded System Directive: org.apache.velocity.runtime.directive.Include
2005-05-09 10:36:07,031 - Loaded System Directive: org.apache.velocity.runtime.directive.Include
2005-05-09 10:36:07,031 - Loaded System Directive: org.apache.velocity.runtime.directive.Include
2005-05-09 10:36:07,031 - Loaded System Directive: org.apache.velocity.runtime.directive.Include
2005-05-09 10:36:07,031 - Loaded System Directive: org.apache.velocity.runtime.directive.Foreach
2005-05-09 10:36:07,031 - Loaded System Directive: org.apache.velocity.runtime.directive.Foreach
2005-05-09 10:36:07,031 - Loaded System Directive: org.apache.velocity.runtime.directive.Foreach
2005-05-09 10:36:07,031 - Loaded System Directive: org.apache.velocity.runtime.directive.Foreach
2005-05-09 10:36:07,031 - Loaded System Directive: org.apache.velocity.runtime.directive.Foreach
2005-05-09 10:36:07,046 - Created: 20 parsers.
2005-05-09 10:36:07,046 - Created: 20 parsers.
2005-05-09 10:36:07,046 - Created: 20 parsers.
2005-05-09 10:36:07,046 - Created: 20 parsers.
2005-05-09 10:36:07,046 - Created: 20 parsers.
2005-05-09 10:36:07,046 - Velocimacro : initialization starting.
2005-05-09 10:36:07,046 - Velocimacro : initialization starting.
2005-05-09 10:36:07,046 - Velocimacro : initialization starting.
2005-05-09 10:36:07,046 - Velocimacro : initialization starting.
2005-05-09 10:36:07,046 - Velocimacro : initialization starting.
2005-05-09 10:36:07,046 - Velocimacro : adding VMs from VM library template : VM_global_library.vm
2005-05-09 10:36:07,046 - Velocimacro : adding VMs from VM library template : VM_global_library.vm
2005-05-09 10:36:07,046 - Velocimacro : adding VMs from VM library template : VM_global_library.vm
2005-05-09 10:36:07,046 - Velocimacro : adding VMs from VM library template : VM_global_library.vm
2005-05-09 10:36:07,046 - Velocimacro : adding VMs from VM library template : VM_global_library.vm
2005-05-09 10:36:07,046 - KindFileResourceLoader : file loader failed to load: VM_global_library.vm
2005-05-09 10:36:07,046 - KindFileResourceLoader : file loader failed to load: VM_global_library.vm
2005-05-09 10:36:07,046 - KindFileResourceLoader : file loader failed to load: VM_global_library.vm
2005-05-09 10:36:07,046 - KindFileResourceLoader : file loader failed to load: VM_global_library.vm
2005-05-09 10:36:07,046 - KindFileResourceLoader : file loader failed to load: VM_global_library.vm
2005-05-09 10:36:07,062 - ResourceManager : found VM_global_library.vm with loader middlegen.KindFileResourceLoader
2005-05-09 10:36:07,062 - ResourceManager : found VM_global_library.vm with loader middlegen.KindFileResourceLoader
2005-05-09 10:36:07,062 - ResourceManager : found VM_global_library.vm with loader middlegen.KindFileResourceLoader
2005-05-09 10:36:07,062 - ResourceManager : found VM_global_library.vm with loader middlegen.KindFileResourceLoader
2005-05-09 10:36:07,062 - ResourceManager : found VM_global_library.vm with loader middlegen.KindFileResourceLoader
2005-05-09 10:36:07,062 - Velocimacro :  VM library template macro registration complete.
2005-05-09 10:36:07,062 - Velocimacro :  VM library template macro registration complete.
2005-05-09 10:36:07,062 - Velocimacro :  VM library template macro registration complete.
2005-05-09 10:36:07,062 - Velocimacro :  VM library template macro registration complete.
2005-05-09 10:36:07,062 - Velocimacro :  VM library template macro registration complete.
2005-05-09 10:36:07,062 - Velocimacro : allowInline = true : VMs can be defined inline in templates
2005-05-09 10:36:07,062 - Velocimacro : allowInline = true : VMs can be defined inline in templates
2005-05-09 10:36:07,062 - Velocimacro : allowInline = true : VMs can be defined inline in templates
2005-05-09 10:36:07,062 - Velocimacro : allowInline = true : VMs can be defined inline in templates
2005-05-09 10:36:07,062 - Velocimacro : allowInline = true : VMs can be defined inline in templates
2005-05-09 10:36:07,062 - Velocimacro : allowInlineToOverride = false : VMs defined inline may NOT replace previous VM definitions
2005-05-09 10:36:07,062 - Velocimacro : allowInlineToOverride = false : VMs defined inline may NOT replace previous VM definitions
2005-05-09 10:36:07,062 - Velocimacro : allowInlineToOverride = false : VMs defined inline may NOT replace previous VM definitions
2005-05-09 10:36:07,062 - Velocimacro : allowInlineToOverride = false : VMs defined inline may NOT replace previous VM definitions
2005-05-09 10:36:07,062 - Velocimacro : allowInlineToOverride = false : VMs defined inline may NOT replace previous VM definitions
2005-05-09 10:36:07,062 - Velocimacro : allowInlineLocal = false : VMs defined inline will be  global in scope if allowed.
2005-05-09 10:36:07,062 - Velocimacro : allowInlineLocal = false : VMs defined inline will be  global in scope if allowed.
2005-05-09 10:36:07,062 - Velocimacro : allowInlineLocal = false : VMs defined inline will be  global in scope if allowed.
2005-05-09 10:36:07,062 - Velocimacro : allowInlineLocal = false : VMs defined inline will be  global in scope if allowed.
2005-05-09 10:36:07,062 - Velocimacro : allowInlineLocal = false : VMs defined inline will be  global in scope if allowed.
2005-05-09 10:36:07,062 - Velocimacro : messages on  : VM system will output logging messages
2005-05-09 10:36:07,062 - Velocimacro : messages on  : VM system will output logging messages
2005-05-09 10:36:07,062 - Velocimacro : messages on  : VM system will output logging messages
2005-05-09 10:36:07,062 - Velocimacro : messages on  : VM system will output logging messages
2005-05-09 10:36:07,062 - Velocimacro : messages on  : VM system will output logging messages
2005-05-09 10:36:07,062 - Velocimacro : autoload off  : VM system will not automatically reload global library macros
2005-05-09 10:36:07,062 - Velocimacro : autoload off  : VM system will not automatically reload global library macros
2005-05-09 10:36:07,062 - Velocimacro : autoload off  : VM system will not automatically reload global library macros
2005-05-09 10:36:07,062 - Velocimacro : autoload off  : VM system will not automatically reload global library macros
2005-05-09 10:36:07,062 - Velocimacro : autoload off  : VM system will not automatically reload global library macros
2005-05-09 10:36:07,062 - Velocimacro : initialization complete.
2005-05-09 10:36:07,062 - Velocimacro : initialization complete.
2005-05-09 10:36:07,062 - Velocimacro : initialization complete.
2005-05-09 10:36:07,062 - Velocimacro : initialization complete.
2005-05-09 10:36:07,062 - Velocimacro : initialization complete.
2005-05-09 10:36:07,062 - Velocity successfully started.
2005-05-09 10:36:07,062 - Velocity successfully started.
2005-05-09 10:36:07,062 - Velocity successfully started.
2005-05-09 10:36:07,062 - Velocity successfully started.
2005-05-09 10:36:07,062 - Velocity successfully started.
2005-05-09 10:36:07,125 - Log4JLogSystem initialized using logfile velocity.log
2005-05-09 10:36:07,125 - Log4JLogSystem initialized using logfile velocity.log
2005-05-09 10:36:07,125 - Log4JLogSystem initialized using logfile velocity.log
2005-05-09 10:36:07,125 - Log4JLogSystem initialized using logfile velocity.log
2005-05-09 10:36:07,125 - Log4JLogSystem initialized using logfile velocity.log
2005-05-09 10:36:07,125 - Log4JLogSystem initialized using logfile velocity.log
2005-05-09 10:36:07,125 - ************************************************************** 
2005-05-09 10:36:07,125 - ************************************************************** 
2005-05-09 10:36:07,125 - ************************************************************** 
2005-05-09 10:36:07,125 - ************************************************************** 
2005-05-09 10:36:07,125 - ************************************************************** 
2005-05-09 10:36:07,125 - ************************************************************** 
2005-05-09 10:36:07,125 - Starting Jakarta Velocity v1.4-dev
2005-05-09 10:36:07,125 - Starting Jakarta Velocity v1.4-dev
2005-05-09 10:36:07,125 - Starting Jakarta Velocity v1.4-dev
2005-05-09 10:36:07,125 - Starting Jakarta Velocity v1.4-dev
2005-05-09 10:36:07,125 - Starting Jakarta Velocity v1.4-dev
2005-05-09 10:36:07,125 - Starting Jakarta Velocity v1.4-dev
2005-05-09 10:36:07,125 - RuntimeInstance initializing.
2005-05-09 10:36:07,125 - RuntimeInstance initializing.
2005-05-09 10:36:07,125 - RuntimeInstance initializing.
2005-05-09 10:36:07,125 - RuntimeInstance initializing.
2005-05-09 10:36:07,125 - RuntimeInstance initializing.
2005-05-09 10:36:07,125 - RuntimeInstance initializing.
2005-05-09 10:36:07,125 - Default Properties File: org\apache\velocity\runtime\defaults\velocity.properties
2005-05-09 10:36:07,125 - Default Properties File: org\apache\velocity\runtime\defaults\velocity.properties
2005-05-09 10:36:07,125 - Default Properties File: org\apache\velocity\runtime\defaults\velocity.properties
2005-05-09 10:36:07,125 - Default Properties File: org\apache\velocity\runtime\defaults\velocity.properties
2005-05-09 10:36:07,125 - Default Properties File: org\apache\velocity\runtime\defaults\velocity.properties
2005-05-09 10:36:07,125 - Default Properties File: org\apache\velocity\runtime\defaults\velocity.properties
2005-05-09 10:36:07,140 - Trying to use logger class middlegen.DontCloseLog4JLogSystem
2005-05-09 10:36:07,140 - Trying to use logger class middlegen.DontCloseLog4JLogSystem
2005-05-09 10:36:07,140 - Trying to use logger class middlegen.DontCloseLog4JLogSystem
2005-05-09 10:36:07,140 - Trying to use logger class middlegen.DontCloseLog4JLogSystem
2005-05-09 10:36:07,140 - Trying to use logger class middlegen.DontCloseLog4JLogSystem
2005-05-09 10:36:07,140 - Trying to use logger class middlegen.DontCloseLog4JLogSystem
2005-05-09 10:36:07,140 - Using logger class middlegen.DontCloseLog4JLogSystem
2005-05-09 10:36:07,140 - Using logger class middlegen.DontCloseLog4JLogSystem
2005-05-09 10:36:07,140 - Using logger class middlegen.DontCloseLog4JLogSystem
2005-05-09 10:36:07,140 - Using logger class middlegen.DontCloseLog4JLogSystem
2005-05-09 10:36:07,140 - Using logger class middlegen.DontCloseLog4JLogSystem
2005-05-09 10:36:07,140 - Using logger class middlegen.DontCloseLog4JLogSystem
2005-05-09 10:36:07,140 - Default ResourceManager initializing. (class org.apache.velocity.runtime.resource.ResourceManagerImpl)
2005-05-09 10:36:07,140 - Default ResourceManager initializing. (class org.apache.velocity.runtime.resource.ResourceManagerImpl)
2005-05-09 10:36:07,140 - Default ResourceManager initializing. (class org.apache.velocity.runtime.resource.ResourceManagerImpl)
2005-05-09 10:36:07,140 - Default ResourceManager initializing. (class org.apache.velocity.runtime.resource.ResourceManagerImpl)
2005-05-09 10:36:07,140 - Default ResourceManager initializing. (class org.apache.velocity.runtime.resource.ResourceManagerImpl)
2005-05-09 10:36:07,140 - Default ResourceManager initializing. (class org.apache.velocity.runtime.resource.ResourceManagerImpl)
2005-05-09 10:36:07,140 - Resource Loader Instantiated: middlegen.KindFileResourceLoader
2005-05-09 10:36:07,140 - Resource Loader Instantiated: middlegen.KindFileResourceLoader
2005-05-09 10:36:07,140 - Resource Loader Instantiated: middlegen.KindFileResourceLoader
2005-05-09 10:36:07,140 - Resource Loader Instantiated: middlegen.KindFileResourceLoader
2005-05-09 10:36:07,140 - Resource Loader Instantiated: middlegen.KindFileResourceLoader
2005-05-09 10:36:07,140 - Resource Loader Instantiated: middlegen.KindFileResourceLoader
2005-05-09 10:36:07,140 - FileResourceLoader : initialization starting.
2005-05-09 10:36:07,140 - FileResourceLoader : initialization starting.
2005-05-09 10:36:07,140 - FileResourceLoader : initialization starting.
2005-05-09 10:36:07,140 - FileResourceLoader : initialization starting.
2005-05-09 10:36:07,140 - FileResourceLoader : initialization starting.
2005-05-09 10:36:07,140 - FileResourceLoader : initialization starting.
2005-05-09 10:36:07,140 - FileResourceLoader : adding path '.'
2005-05-09 10:36:07,140 - FileResourceLoader : adding path '.'
2005-05-09 10:36:07,140 - FileResourceLoader : adding path '.'
2005-05-09 10:36:07,140 - FileResourceLoader : adding path '.'
2005-05-09 10:36:07,140 - FileResourceLoader : adding path '.'
2005-05-09 10:36:07,140 - FileResourceLoader : adding path '.'
2005-05-09 10:36:07,140 - FileResourceLoader : initialization complete.
2005-05-09 10:36:07,140 - FileResourceLoader : initialization complete.
2005-05-09 10:36:07,140 - FileResourceLoader : initialization complete.
2005-05-09 10:36:07,140 - FileResourceLoader : initialization complete.
2005-05-09 10:36:07,140 - FileResourceLoader : initialization complete.
2005-05-09 10:36:07,140 - FileResourceLoader : initialization complete.
2005-05-09 10:36:07,140 - ClasspathResourceLoader : initialization starting.
2005-05-09 10:36:07,140 - ClasspathResourceLoader : initialization starting.
2005-05-09 10:36:07,140 - ClasspathResourceLoader : initialization starting.
2005-05-09 10:36:07,140 - ClasspathResourceLoader : initialization starting.
2005-05-09 10:36:07,140 - ClasspathResourceLoader : initialization starting.
2005-05-09 10:36:07,140 - ClasspathResourceLoader : initialization starting.
2005-05-09 10:36:07,140 - ClasspathResourceLoader : initialization complete.
2005-05-09 10:36:07,140 - ClasspathResourceLoader : initialization complete.
2005-05-09 10:36:07,140 - ClasspathResourceLoader : initialization complete.
2005-05-09 10:36:07,140 - ClasspathResourceLoader : initialization complete.
2005-05-09 10:36:07,140 - ClasspathResourceLoader : initialization complete.
2005-05-09 10:36:07,140 - ClasspathResourceLoader : initialization complete.
2005-05-09 10:36:07,140 - ResourceCache : initialized. (class org.apache.velocity.runtime.resource.ResourceCacheImpl)
2005-05-09 10:36:07,140 - ResourceCache : initialized. (class org.apache.velocity.runtime.resource.ResourceCacheImpl)
2005-05-09 10:36:07,140 - ResourceCache : initialized. (class org.apache.velocity.runtime.resource.ResourceCacheImpl)
2005-05-09 10:36:07,140 - ResourceCache : initialized. (class org.apache.velocity.runtime.resource.ResourceCacheImpl)
2005-05-09 10:36:07,140 - ResourceCache : initialized. (class org.apache.velocity.runtime.resource.ResourceCacheImpl)
2005-05-09 10:36:07,140 - ResourceCache : initialized. (class org.apache.velocity.runtime.resource.ResourceCacheImpl)
2005-05-09 10:36:07,140 - Default ResourceManager initialization complete.
2005-05-09 10:36:07,140 - Default ResourceManager initialization complete.
2005-05-09 10:36:07,140 - Default ResourceManager initialization complete.
2005-05-09 10:36:07,140 - Default ResourceManager initialization complete.
2005-05-09 10:36:07,140 - Default ResourceManager initialization complete.
2005-05-09 10:36:07,140 - Default ResourceManager initialization complete.
2005-05-09 10:36:07,140 - Loaded System Directive: org.apache.velocity.runtime.directive.Literal
2005-05-09 10:36:07,140 - Loaded System Directive: org.apache.velocity.runtime.directive.Literal
2005-05-09 10:36:07,140 - Loaded System Directive: org.apache.velocity.runtime.directive.Literal
2005-05-09 10:36:07,140 - Loaded System Directive: org.apache.velocity.runtime.directive.Literal
2005-05-09 10:36:07,140 - Loaded System Directive: org.apache.velocity.runtime.directive.Literal
2005-05-09 10:36:07,140 - Loaded System Directive: org.apache.velocity.runtime.directive.Literal
2005-05-09 10:36:07,140 - Loaded System Directive: org.apache.velocity.runtime.directive.Macro
2005-05-09 10:36:07,140 - Loaded System Directive: org.apache.velocity.runtime.directive.Macro
2005-05-09 10:36:07,140 - Loaded System Directive: org.apache.velocity.runtime.directive.Macro
2005-05-09 10:36:07,140 - Loaded System Directive: org.apache.velocity.runtime.directive.Macro
2005-05-09 10:36:07,140 - Loaded System Directive: org.apache.velocity.runtime.directive.Macro
2005-05-09 10:36:07,140 - Loaded System Directive: org.apache.velocity.runtime.directive.Macro
2005-05-09 10:36:07,140 - Loaded System Directive: org.apache.velocity.runtime.directive.Parse
2005-05-09 10:36:07,140 - Loaded System Directive: org.apache.velocity.runtime.directive.Parse
2005-05-09 10:36:07,140 - Loaded System Directive: org.apache.velocity.runtime.directive.Parse
2005-05-09 10:36:07,140 - Loaded System Directive: org.apache.velocity.runtime.directive.Parse
2005-05-09 10:36:07,140 - Loaded System Directive: org.apache.velocity.runtime.directive.Parse
2005-05-09 10:36:07,140 - Loaded System Directive: org.apache.velocity.runtime.directive.Parse
2005-05-09 10:36:07,140 - Loaded System Directive: org.apache.velocity.runtime.directive.Include
2005-05-09 10:36:07,140 - Loaded System Directive: org.apache.velocity.runtime.directive.Include
2005-05-09 10:36:07,140 - Loaded System Directive: org.apache.velocity.runtime.directive.Include
2005-05-09 10:36:07,140 - Loaded System Directive: org.apache.velocity.runtime.directive.Include
2005-05-09 10:36:07,140 - Loaded System Directive: org.apache.velocity.runtime.directive.Include
2005-05-09 10:36:07,140 - Loaded System Directive: org.apache.velocity.runtime.directive.Include
2005-05-09 10:36:07,140 - Loaded System Directive: org.apache.velocity.runtime.directive.Foreach
2005-05-09 10:36:07,140 - Loaded System Directive: org.apache.velocity.runtime.directive.Foreach
2005-05-09 10:36:07,140 - Loaded System Directive: org.apache.velocity.runtime.directive.Foreach
2005-05-09 10:36:07,140 - Loaded System Directive: org.apache.velocity.runtime.directive.Foreach
2005-05-09 10:36:07,140 - Loaded System Directive: org.apache.velocity.runtime.directive.Foreach
2005-05-09 10:36:07,140 - Loaded System Directive: org.apache.velocity.runtime.directive.Foreach
2005-05-09 10:36:07,156 - Created: 20 parsers.
2005-05-09 10:36:07,156 - Created: 20 parsers.
2005-05-09 10:36:07,156 - Created: 20 parsers.
2005-05-09 10:36:07,156 - Created: 20 parsers.
2005-05-09 10:36:07,156 - Created: 20 parsers.
2005-05-09 10:36:07,156 - Created: 20 parsers.
2005-05-09 10:36:07,156 - Velocimacro : initialization starting.
2005-05-09 10:36:07,156 - Velocimacro : initialization starting.
2005-05-09 10:36:07,156 - Velocimacro : initialization starting.
2005-05-09 10:36:07,156 - Velocimacro : initialization starting.
2005-05-09 10:36:07,156 - Velocimacro : initialization starting.
2005-05-09 10:36:07,156 - Velocimacro : initialization starting.
2005-05-09 10:36:07,156 - Velocimacro : adding VMs from VM library template : VM_global_library.vm
2005-05-09 10:36:07,156 - Velocimacro : adding VMs from VM library template : VM_global_library.vm
2005-05-09 10:36:07,156 - Velocimacro : adding VMs from VM library template : VM_global_library.vm
2005-05-09 10:36:07,156 - Velocimacro : adding VMs from VM library template : VM_global_library.vm
2005-05-09 10:36:07,156 - Velocimacro : adding VMs from VM library template : VM_global_library.vm
2005-05-09 10:36:07,156 - Velocimacro : adding VMs from VM library template : VM_global_library.vm
2005-05-09 10:36:07,156 - KindFileResourceLoader : file loader failed to load: VM_global_library.vm
2005-05-09 10:36:07,156 - KindFileResourceLoader : file loader failed to load: VM_global_library.vm
2005-05-09 10:36:07,156 - KindFileResourceLoader : file loader failed to load: VM_global_library.vm
2005-05-09 10:36:07,156 - KindFileResourceLoader : file loader failed to load: VM_global_library.vm
2005-05-09 10:36:07,156 - KindFileResourceLoader : file loader failed to load: VM_global_library.vm
2005-05-09 10:36:07,156 - KindFileResourceLoader : file loader failed to load: VM_global_library.vm
2005-05-09 10:36:07,171 - ResourceManager : found VM_global_library.vm with loader middlegen.KindFileResourceLoader
2005-05-09 10:36:07,171 - ResourceManager : found VM_global_library.vm with loader middlegen.KindFileResourceLoader
2005-05-09 10:36:07,171 - ResourceManager : found VM_global_library.vm with loader middlegen.KindFileResourceLoader
2005-05-09 10:36:07,171 - ResourceManager : found VM_global_library.vm with loader middlegen.KindFileResourceLoader
2005-05-09 10:36:07,171 - ResourceManager : found VM_global_library.vm with loader middlegen.KindFileResourceLoader
2005-05-09 10:36:07,171 - ResourceManager : found VM_global_library.vm with loader middlegen.KindFileResourceLoader
2005-05-09 10:36:07,171 - Velocimacro :  VM library template macro registration complete.
2005-05-09 10:36:07,171 - Velocimacro :  VM library template macro registration complete.
2005-05-09 10:36:07,171 - Velocimacro :  VM library template macro registration complete.
2005-05-09 10:36:07,171 - Velocimacro :  VM library template macro registration complete.
2005-05-09 10:36:07,171 - Velocimacro :  VM library template macro registration complete.
2005-05-09 10:36:07,171 - Velocimacro :  VM library template macro registration complete.
2005-05-09 10:36:07,171 - Velocimacro : allowInline = true : VMs can be defined inline in templates
2005-05-09 10:36:07,171 - Velocimacro : allowInline = true : VMs can be defined inline in templates
2005-05-09 10:36:07,171 - Velocimacro : allowInline = true : VMs can be defined inline in templates
2005-05-09 10:36:07,171 - Velocimacro : allowInline = true : VMs can be defined inline in templates
2005-05-09 10:36:07,171 - Velocimacro : allowInline = true : VMs can be defined inline in templates
2005-05-09 10:36:07,171 - Velocimacro : allowInline = true : VMs can be defined inline in templates
2005-05-09 10:36:07,171 - Velocimacro : allowInlineToOverride = false : VMs defined inline may NOT replace previous VM definitions
2005-05-09 10:36:07,171 - Velocimacro : allowInlineToOverride = false : VMs defined inline may NOT replace previous VM definitions
2005-05-09 10:36:07,171 - Velocimacro : allowInlineToOverride = false : VMs defined inline may NOT replace previous VM definitions
2005-05-09 10:36:07,171 - Velocimacro : allowInlineToOverride = false : VMs defined inline may NOT replace previous VM definitions
2005-05-09 10:36:07,171 - Velocimacro : allowInlineToOverride = false : VMs defined inline may NOT replace previous VM definitions
2005-05-09 10:36:07,171 - Velocimacro : allowInlineToOverride = false : VMs defined inline may NOT replace previous VM definitions
2005-05-09 10:36:07,171 - Velocimacro : allowInlineLocal = false : VMs defined inline will be  global in scope if allowed.
2005-05-09 10:36:07,171 - Velocimacro : allowInlineLocal = false : VMs defined inline will be  global in scope if allowed.
2005-05-09 10:36:07,171 - Velocimacro : allowInlineLocal = false : VMs defined inline will be  global in scope if allowed.
2005-05-09 10:36:07,171 - Velocimacro : allowInlineLocal = false : VMs defined inline will be  global in scope if allowed.
2005-05-09 10:36:07,171 - Velocimacro : allowInlineLocal = false : VMs defined inline will be  global in scope if allowed.
2005-05-09 10:36:07,171 - Velocimacro : allowInlineLocal = false : VMs defined inline will be  global in scope if allowed.
2005-05-09 10:36:07,171 - Velocimacro : messages on  : VM system will output logging messages
2005-05-09 10:36:07,171 - Velocimacro : messages on  : VM system will output logging messages
2005-05-09 10:36:07,171 - Velocimacro : messages on  : VM system will output logging messages
2005-05-09 10:36:07,171 - Velocimacro : messages on  : VM system will output logging messages
2005-05-09 10:36:07,171 - Velocimacro : messages on  : VM system will output logging messages
2005-05-09 10:36:07,171 - Velocimacro : messages on  : VM system will output logging messages
2005-05-09 10:36:07,171 - Velocimacro : autoload off  : VM system will not automatically reload global library macros
2005-05-09 10:36:07,171 - Velocimacro : autoload off  : VM system will not automatically reload global library macros
2005-05-09 10:36:07,171 - Velocimacro : autoload off  : VM system will not automatically reload global library macros
2005-05-09 10:36:07,171 - Velocimacro : autoload off  : VM system will not automatically reload global library macros
2005-05-09 10:36:07,171 - Velocimacro : autoload off  : VM system will not automatically reload global library macros
2005-05-09 10:36:07,171 - Velocimacro : autoload off  : VM system will not automatically reload global library macros
2005-05-09 10:36:07,171 - Velocimacro : initialization complete.
2005-05-09 10:36:07,171 - Velocimacro : initialization complete.
2005-05-09 10:36:07,171 - Velocimacro : initialization complete.
2005-05-09 10:36:07,171 - Velocimacro : initialization complete.
2005-05-09 10:36:07,171 - Velocimacro : initialization complete.
2005-05-09 10:36:07,171 - Velocimacro : initialization complete.
2005-05-09 10:36:07,171 - Velocity successfully started.
2005-05-09 10:36:07,171 - Velocity successfully started.
2005-05-09 10:36:07,171 - Velocity successfully started.
2005-05-09 10:36:07,171 - Velocity successfully started.
2005-05-09 10:36:07,171 - Velocity successfully started.
2005-05-09 10:36:07,171 - Velocity successfully started.
2005-05-10 15:42:30,545 - SimpleLog4JLogSystem initialized using logfile 'velocity.log'
2005-05-10 15:42:30,545 - ************************************************************** 
2005-05-10 15:42:30,545 - Starting Jakarta Velocity v1.4-dev
2005-05-10 15:42:30,545 - RuntimeInstance initializing.
2005-05-10 15:42:30,545 - Default Properties File: org\apache\velocity\runtime\defaults\velocity.properties
2005-05-10 15:42:30,545 - Trying to use logger class org.apache.velocity.runtime.log.AvalonLogSystem
2005-05-10 15:42:30,545 - Couldn't find class org.apache.velocity.runtime.log.AvalonLogSystem or necessary supporting classes in classpath. Exception : java.lang.NoClassDefFoundError: org/apache/log/format/Formatter
2005-05-10 15:42:30,561 - Trying to use logger class org.apache.velocity.runtime.log.SimpleLog4JLogSystem
2005-05-10 15:42:30,561 - Using logger class org.apache.velocity.runtime.log.SimpleLog4JLogSystem
2005-05-10 15:42:30,561 - Default ResourceManager initializing. (class org.apache.velocity.runtime.resource.ResourceManagerImpl)
2005-05-10 15:42:30,561 - Resource Loader Instantiated: org.apache.velocity.runtime.resource.loader.FileResourceLoader
2005-05-10 15:42:30,561 - FileResourceLoader : initialization starting.
2005-05-10 15:42:30,561 - FileResourceLoader : adding path '.'
2005-05-10 15:42:30,561 - FileResourceLoader : initialization complete.
2005-05-10 15:42:30,561 - ResourceCache : initialized. (class org.apache.velocity.runtime.resource.ResourceCacheImpl)
2005-05-10 15:42:30,561 - Default ResourceManager initialization complete.
2005-05-10 15:42:30,561 - Loaded System Directive: org.apache.velocity.runtime.directive.Literal
2005-05-10 15:42:30,561 - Loaded System Directive: org.apache.velocity.runtime.directive.Macro
2005-05-10 15:42:30,561 - Loaded System Directive: org.apache.velocity.runtime.directive.Parse
2005-05-10 15:42:30,561 - Loaded System Directive: org.apache.velocity.runtime.directive.Include
2005-05-10 15:42:30,561 - Loaded System Directive: org.apache.velocity.runtime.directive.Foreach
2005-05-10 15:42:30,592 - Created: 20 parsers.
2005-05-10 15:42:30,592 - Velocimacro : initialization starting.
2005-05-10 15:42:30,592 - Velocimacro : adding VMs from VM library template : VM_global_library.vm
2005-05-10 15:42:30,592 - ResourceManager : unable to find resource 'VM_global_library.vm' in any resource loader.
2005-05-10 15:42:30,592 - Velocimacro : error using  VM library template VM_global_library.vm : org.apache.velocity.exception.ResourceNotFoundException: Unable to find resource 'VM_global_library.vm'
2005-05-10 15:42:30,592 - Velocimacro :  VM library template macro registration complete.
2005-05-10 15:42:30,592 - Velocimacro : allowInline = true : VMs can be defined inline in templates
2005-05-10 15:42:30,592 - Velocimacro : allowInlineToOverride = false : VMs defined inline may NOT replace previous VM definitions
2005-05-10 15:42:30,592 - Velocimacro : allowInlineLocal = false : VMs defined inline will be  global in scope if allowed.
2005-05-10 15:42:30,592 - Velocimacro : messages on  : VM system will output logging messages
2005-05-10 15:42:30,592 - Velocimacro : autoload off  : VM system will not automatically reload global library macros
2005-05-10 15:42:30,592 - Velocimacro : initialization complete.
2005-05-10 15:42:30,592 - Velocity successfully started.
2005-05-11 15:38:12,093 - SimpleLog4JLogSystem initialized using logfile 'velocity.log'
2005-05-11 15:38:12,093 - ************************************************************** 
2005-05-11 15:38:12,093 - Starting Jakarta Velocity v1.4-dev
2005-05-11 15:38:12,093 - RuntimeInstance initializing.
2005-05-11 15:38:12,093 - Default Properties File: org\apache\velocity\runtime\defaults\velocity.properties
2005-05-11 15:38:12,093 - Trying to use logger class org.apache.velocity.runtime.log.AvalonLogSystem
2005-05-11 15:38:12,093 - Couldn't find class org.apache.velocity.runtime.log.AvalonLogSystem or necessary supporting classes in classpath. Exception : java.lang.NoClassDefFoundError: org/apache/log/format/Formatter
2005-05-11 15:38:12,093 - Trying to use logger class org.apache.velocity.runtime.log.SimpleLog4JLogSystem
2005-05-11 15:38:12,093 - Using logger class org.apache.velocity.runtime.log.SimpleLog4JLogSystem
2005-05-11 15:38:12,093 - Default ResourceManager initializing. (class org.apache.velocity.runtime.resource.ResourceManagerImpl)
2005-05-11 15:38:12,093 - Resource Loader Instantiated: org.apache.velocity.runtime.resource.loader.FileResourceLoader
2005-05-11 15:38:12,093 - FileResourceLoader : initialization starting.
2005-05-11 15:38:12,093 - FileResourceLoader : adding path '.'
2005-05-11 15:38:12,093 - FileResourceLoader : initialization complete.
2005-05-11 15:38:12,093 - ResourceCache : initialized. (class org.apache.velocity.runtime.resource.ResourceCacheImpl)
2005-05-11 15:38:12,093 - Default ResourceManager initialization complete.
2005-05-11 15:38:12,093 - Loaded System Directive: org.apache.velocity.runtime.directive.Literal
2005-05-11 15:38:12,093 - Loaded System Directive: org.apache.velocity.runtime.directive.Macro
2005-05-11 15:38:12,093 - Loaded System Directive: org.apache.velocity.runtime.directive.Parse
2005-05-11 15:38:12,093 - Loaded System Directive: org.apache.velocity.runtime.directive.Include
2005-05-11 15:38:12,093 - Loaded System Directive: org.apache.velocity.runtime.directive.Foreach
2005-05-11 15:38:12,125 - Created: 20 parsers.
2005-05-11 15:38:12,140 - Velocimacro : initialization starting.
2005-05-11 15:38:12,140 - Velocimacro : adding VMs from VM library template : VM_global_library.vm
2005-05-11 15:38:12,140 - ResourceManager : unable to find resource 'VM_global_library.vm' in any resource loader.
2005-05-11 15:38:12,140 - Velocimacro : error using  VM library template VM_global_library.vm : org.apache.velocity.exception.ResourceNotFoundException: Unable to find resource 'VM_global_library.vm'
2005-05-11 15:38:12,140 - Velocimacro :  VM library template macro registration complete.
2005-05-11 15:38:12,140 - Velocimacro : allowInline = true : VMs can be defined inline in templates
2005-05-11 15:38:12,140 - Velocimacro : allowInlineToOverride = false : VMs defined inline may NOT replace previous VM definitions
2005-05-11 15:38:12,140 - Velocimacro : allowInlineLocal = false : VMs defined inline will be  global in scope if allowed.
2005-05-11 15:38:12,140 - Velocimacro : messages on  : VM system will output logging messages
2005-05-11 15:38:12,140 - Velocimacro : autoload off  : VM system will not automatically reload global library macros
2005-05-11 15:38:12,140 - Velocimacro : initialization complete.
2005-05-11 15:38:12,140 - Velocity successfully started.
2005-05-12 16:33:13,656 - Log4JLogSystem initialized using logfile velocity.log
2005-05-12 16:33:13,656 - ************************************************************** 
2005-05-12 16:33:13,656 - Starting Jakarta Velocity v1.4-dev
2005-05-12 16:33:13,656 - RuntimeInstance initializing.
2005-05-12 16:33:13,656 - Default Properties File: org\apache\velocity\runtime\defaults\velocity.properties
2005-05-12 16:33:13,656 - Trying to use logger class middlegen.DontCloseLog4JLogSystem
2005-05-12 16:33:13,656 - Using logger class middlegen.DontCloseLog4JLogSystem
2005-05-12 16:33:13,671 - Default ResourceManager initializing. (class org.apache.velocity.runtime.resource.ResourceManagerImpl)
2005-05-12 16:33:13,687 - Resource Loader Instantiated: middlegen.KindFileResourceLoader
2005-05-12 16:33:13,703 - FileResourceLoader : initialization starting.
2005-05-12 16:33:13,703 - FileResourceLoader : adding path '.'
2005-05-12 16:33:13,703 - FileResourceLoader : initialization complete.
2005-05-12 16:33:13,703 - ClasspathResourceLoader : initialization starting.
2005-05-12 16:33:13,703 - ClasspathResourceLoader : initialization complete.
2005-05-12 16:33:13,703 - ResourceCache : initialized. (class org.apache.velocity.runtime.resource.ResourceCacheImpl)
2005-05-12 16:33:13,703 - Default ResourceManager initialization complete.
2005-05-12 16:33:13,718 - Loaded System Directive: org.apache.velocity.runtime.directive.Literal
2005-05-12 16:33:13,718 - Loaded System Directive: org.apache.velocity.runtime.directive.Macro
2005-05-12 16:33:13,734 - Loaded System Directive: org.apache.velocity.runtime.directive.Parse
2005-05-12 16:33:13,734 - Loaded System Directive: org.apache.velocity.runtime.directive.Include
2005-05-12 16:33:13,750 - Loaded System Directive: org.apache.velocity.runtime.directive.Foreach
2005-05-12 16:33:13,937 - Created: 20 parsers.
2005-05-12 16:33:13,984 - Velocimacro : initialization starting.
2005-05-12 16:33:13,984 - Velocimacro : adding VMs from VM library template : VM_global_library.vm
2005-05-12 16:33:14,000 - KindFileResourceLoader : file loader failed to load: VM_global_library.vm
2005-05-12 16:33:14,046 - ResourceManager : found VM_global_library.vm with loader middlegen.KindFileResourceLoader
2005-05-12 16:33:14,046 - Velocimacro :  VM library template macro registration complete.
2005-05-12 16:33:14,046 - Velocimacro : allowInline = true : VMs can be defined inline in templates
2005-05-12 16:33:14,046 - Velocimacro : allowInlineToOverride = false : VMs defined inline may NOT replace previous VM definitions
2005-05-12 16:33:14,046 - Velocimacro : allowInlineLocal = false : VMs defined inline will be  global in scope if allowed.
2005-05-12 16:33:14,046 - Velocimacro : messages on  : VM system will output logging messages
2005-05-12 16:33:14,046 - Velocimacro : autoload off  : VM system will not automatically reload global library macros
2005-05-12 16:33:14,046 - Velocimacro : initialization complete.
2005-05-12 16:33:14,046 - Velocity successfully started.
2005-05-12 17:02:13,718 - Log4JLogSystem initialized using logfile velocity.log
2005-05-12 17:02:13,718 - ************************************************************** 
2005-05-12 17:02:13,718 - Starting Jakarta Velocity v1.4-dev
2005-05-12 17:02:13,718 - RuntimeInstance initializing.
2005-05-12 17:02:13,718 - Default Properties File: org\apache\velocity\runtime\defaults\velocity.properties
2005-05-12 17:02:13,718 - Trying to use logger class middlegen.DontCloseLog4JLogSystem
2005-05-12 17:02:13,718 - Using logger class middlegen.DontCloseLog4JLogSystem
2005-05-12 17:02:13,734 - Default ResourceManager initializing. (class org.apache.velocity.runtime.resource.ResourceManagerImpl)
2005-05-12 17:02:13,765 - Resource Loader Instantiated: middlegen.KindFileResourceLoader
2005-05-12 17:02:13,765 - FileResourceLoader : initialization starting.
2005-05-12 17:02:13,765 - FileResourceLoader : adding path '.'
2005-05-12 17:02:13,765 - FileResourceLoader : initialization complete.
2005-05-12 17:02:13,765 - ClasspathResourceLoader : initialization starting.
2005-05-12 17:02:13,765 - ClasspathResourceLoader : initialization complete.
2005-05-12 17:02:13,781 - ResourceCache : initialized. (class org.apache.velocity.runtime.resource.ResourceCacheImpl)
2005-05-12 17:02:13,781 - Default ResourceManager initialization complete.
2005-05-12 17:02:13,781 - Loaded System Directive: org.apache.velocity.runtime.directive.Literal
2005-05-12 17:02:13,796 - Loaded System Directive: org.apache.velocity.runtime.directive.Macro
2005-05-12 17:02:13,796 - Loaded System Directive: org.apache.velocity.runtime.directive.Parse
2005-05-12 17:02:13,812 - Loaded System Directive: org.apache.velocity.runtime.directive.Include
2005-05-12 17:02:13,812 - Loaded System Directive: org.apache.velocity.runtime.directive.Foreach
2005-05-12 17:02:14,015 - Created: 20 parsers.
2005-05-12 17:02:14,062 - Velocimacro : initialization starting.
2005-05-12 17:02:14,062 - Velocimacro : adding VMs from VM library template : VM_global_library.vm
2005-05-12 17:02:14,078 - KindFileResourceLoader : file loader failed to load: VM_global_library.vm
2005-05-12 17:02:14,109 - ResourceManager : found VM_global_library.vm with loader middlegen.KindFileResourceLoader
2005-05-12 17:02:14,109 - Velocimacro :  VM library template macro registration complete.
2005-05-12 17:02:14,109 - Velocimacro : allowInline = true : VMs can be defined inline in templates
2005-05-12 17:02:14,109 - Velocimacro : allowInlineToOverride = false : VMs defined inline may NOT replace previous VM definitions
2005-05-12 17:02:14,109 - Velocimacro : allowInlineLocal = false : VMs defined inline will be  global in scope if allowed.
2005-05-12 17:02:14,109 - Velocimacro : messages on  : VM system will output logging messages
2005-05-12 17:02:14,109 - Velocimacro : autoload off  : VM system will not automatically reload global library macros
2005-05-12 17:02:14,109 - Velocimacro : initialization complete.
2005-05-12 17:02:14,109 - Velocity successfully started.
2005-05-12 17:03:33,453 - Log4JLogSystem initialized using logfile velocity.log
2005-05-12 17:03:33,453 - ************************************************************** 
2005-05-12 17:03:33,453 - Starting Jakarta Velocity v1.4-dev
2005-05-12 17:03:33,453 - RuntimeInstance initializing.
2005-05-12 17:03:33,453 - Default Properties File: org\apache\velocity\runtime\defaults\velocity.properties
2005-05-12 17:03:33,453 - Trying to use logger class middlegen.DontCloseLog4JLogSystem
2005-05-12 17:03:33,453 - Using logger class middlegen.DontCloseLog4JLogSystem
2005-05-12 17:03:33,468 - Default ResourceManager initializing. (class org.apache.velocity.runtime.resource.ResourceManagerImpl)
2005-05-12 17:03:33,500 - Resource Loader Instantiated: middlegen.KindFileResourceLoader
2005-05-12 17:03:33,500 - FileResourceLoader : initialization starting.
2005-05-12 17:03:33,500 - FileResourceLoader : adding path '.'
2005-05-12 17:03:33,500 - FileResourceLoader : initialization complete.
2005-05-12 17:03:33,500 - ClasspathResourceLoader : initialization starting.
2005-05-12 17:03:33,500 - ClasspathResourceLoader : initialization complete.
2005-05-12 17:03:33,500 - ResourceCache : initialized. (class org.apache.velocity.runtime.resource.ResourceCacheImpl)
2005-05-12 17:03:33,500 - Default ResourceManager initialization complete.
2005-05-12 17:03:33,515 - Loaded System Directive: org.apache.velocity.runtime.directive.Literal
2005-05-12 17:03:33,531 - Loaded System Directive: org.apache.velocity.runtime.directive.Macro
2005-05-12 17:03:33,531 - Loaded System Directive: org.apache.velocity.runtime.directive.Parse
2005-05-12 17:03:33,546 - Loaded System Directive: org.apache.velocity.runtime.directive.Include
2005-05-12 17:03:33,546 - Loaded System Directive: org.apache.velocity.runtime.directive.Foreach
2005-05-12 17:03:33,750 - Created: 20 parsers.
2005-05-12 17:03:33,796 - Velocimacro : initialization starting.
2005-05-12 17:03:33,796 - Velocimacro : adding VMs from VM library template : VM_global_library.vm
2005-05-12 17:03:33,812 - KindFileResourceLoader : file loader failed to load: VM_global_library.vm
2005-05-12 17:03:33,843 - ResourceManager : found VM_global_library.vm with loader middlegen.KindFileResourceLoader
2005-05-12 17:03:33,843 - Velocimacro :  VM library template macro registration complete.
2005-05-12 17:03:33,843 - Velocimacro : allowInline = true : VMs can be defined inline in templates
2005-05-12 17:03:33,843 - Velocimacro : allowInlineToOverride = false : VMs defined inline may NOT replace previous VM definitions
2005-05-12 17:03:33,843 - Velocimacro : allowInlineLocal = false : VMs defined inline will be  global in scope if allowed.
2005-05-12 17:03:33,843 - Velocimacro : messages on  : VM system will output logging messages
2005-05-12 17:03:33,843 - Velocimacro : autoload off  : VM system will not automatically reload global library macros
2005-05-12 17:03:33,843 - Velocimacro : initialization complete.
2005-05-12 17:03:33,843 - Velocity successfully started.
2005-05-13 11:27:15,906 - Log4JLogSystem initialized using logfile velocity.log
2005-05-13 11:27:15,906 - ************************************************************** 
2005-05-13 11:27:15,906 - Starting Jakarta Velocity v1.4-dev
2005-05-13 11:27:15,906 - RuntimeInstance initializing.
2005-05-13 11:27:15,906 - Default Properties File: org\apache\velocity\runtime\defaults\velocity.properties
2005-05-13 11:27:15,906 - Trying to use logger class middlegen.DontCloseLog4JLogSystem
2005-05-13 11:27:15,906 - Using logger class middlegen.DontCloseLog4JLogSystem
2005-05-13 11:27:15,906 - Default ResourceManager initializing. (class org.apache.velocity.runtime.resource.ResourceManagerImpl)
2005-05-13 11:27:15,937 - Resource Loader Instantiated: middlegen.KindFileResourceLoader
2005-05-13 11:27:15,937 - FileResourceLoader : initialization starting.
2005-05-13 11:27:15,937 - FileResourceLoader : adding path '.'
2005-05-13 11:27:15,937 - FileResourceLoader : initialization complete.
2005-05-13 11:27:15,937 - ClasspathResourceLoader : initialization starting.
2005-05-13 11:27:15,937 - ClasspathResourceLoader : initialization complete.
2005-05-13 11:27:15,953 - ResourceCache : initialized. (class org.apache.velocity.runtime.resource.ResourceCacheImpl)
2005-05-13 11:27:15,953 - Default ResourceManager initialization complete.
2005-05-13 11:27:15,953 - Loaded System Directive: org.apache.velocity.runtime.directive.Literal
2005-05-13 11:27:15,968 - Loaded System Directive: org.apache.velocity.runtime.directive.Macro
2005-05-13 11:27:15,968 - Loaded System Directive: org.apache.velocity.runtime.directive.Parse
2005-05-13 11:27:15,984 - Loaded System Directive: org.apache.velocity.runtime.directive.Include
2005-05-13 11:27:15,984 - Loaded System Directive: org.apache.velocity.runtime.directive.Foreach
2005-05-13 11:27:16,171 - Created: 20 parsers.
2005-05-13 11:27:16,218 - Velocimacro : initialization starting.
2005-05-13 11:27:16,218 - Velocimacro : adding VMs from VM library template : VM_global_library.vm
2005-05-13 11:27:16,234 - KindFileResourceLoader : file loader failed to load: VM_global_library.vm
2005-05-13 11:27:16,265 - ResourceManager : found VM_global_library.vm with loader middlegen.KindFileResourceLoader
2005-05-13 11:27:16,265 - Velocimacro :  VM library template macro registration complete.
2005-05-13 11:27:16,265 - Velocimacro : allowInline = true : VMs can be defined inline in templates
2005-05-13 11:27:16,265 - Velocimacro : allowInlineToOverride = false : VMs defined inline may NOT replace previous VM definitions
2005-05-13 11:27:16,265 - Velocimacro : allowInlineLocal = false : VMs defined inline will be  global in scope if allowed.
2005-05-13 11:27:16,265 - Velocimacro : messages on  : VM system will output logging messages
2005-05-13 11:27:16,265 - Velocimacro : autoload off  : VM system will not automatically reload global library macros
2005-05-13 11:27:16,265 - Velocimacro : initialization complete.
2005-05-13 11:27:16,265 - Velocity successfully started.
2005-05-13 16:09:39,250 - Log4JLogSystem initialized using logfile velocity.log
2005-05-13 16:09:39,250 - ************************************************************** 
2005-05-13 16:09:39,250 - Starting Jakarta Velocity v1.4-dev
2005-05-13 16:09:39,250 - RuntimeInstance initializing.
2005-05-13 16:09:39,250 - Default Properties File: org\apache\velocity\runtime\defaults\velocity.properties
2005-05-13 16:09:39,250 - Trying to use logger class middlegen.DontCloseLog4JLogSystem
2005-05-13 16:09:39,250 - Using logger class middlegen.DontCloseLog4JLogSystem
2005-05-13 16:09:39,265 - Default ResourceManager initializing. (class org.apache.velocity.runtime.resource.ResourceManagerImpl)
2005-05-13 16:09:39,296 - Resource Loader Instantiated: middlegen.KindFileResourceLoader
2005-05-13 16:09:39,296 - FileResourceLoader : initialization starting.
2005-05-13 16:09:39,296 - FileResourceLoader : adding path '.'
2005-05-13 16:09:39,296 - FileResourceLoader : initialization complete.
2005-05-13 16:09:39,296 - ClasspathResourceLoader : initialization starting.
2005-05-13 16:09:39,296 - ClasspathResourceLoader : initialization complete.
2005-05-13 16:09:39,312 - ResourceCache : initialized. (class org.apache.velocity.runtime.resource.ResourceCacheImpl)
2005-05-13 16:09:39,312 - Default ResourceManager initialization complete.
2005-05-13 16:09:39,312 - Loaded System Directive: org.apache.velocity.runtime.directive.Literal
2005-05-13 16:09:39,328 - Loaded System Directive: org.apache.velocity.runtime.directive.Macro
2005-05-13 16:09:39,328 - Loaded System Directive: org.apache.velocity.runtime.directive.Parse
2005-05-13 16:09:39,343 - Loaded System Directive: org.apache.velocity.runtime.directive.Include
2005-05-13 16:09:39,359 - Loaded System Directive: org.apache.velocity.runtime.directive.Foreach
2005-05-13 16:09:39,578 - Created: 20 parsers.
2005-05-13 16:09:39,625 - Velocimacro : initialization starting.
2005-05-13 16:09:39,625 - Velocimacro : adding VMs from VM library template : VM_global_library.vm
2005-05-13 16:09:39,640 - KindFileResourceLoader : file loader failed to load: VM_global_library.vm
2005-05-13 16:09:39,671 - ResourceManager : found VM_global_library.vm with loader middlegen.KindFileResourceLoader
2005-05-13 16:09:39,671 - Velocimacro :  VM library template macro registration complete.
2005-05-13 16:09:39,671 - Velocimacro : allowInline = true : VMs can be defined inline in templates
2005-05-13 16:09:39,671 - Velocimacro : allowInlineToOverride = false : VMs defined inline may NOT replace previous VM definitions
2005-05-13 16:09:39,671 - Velocimacro : allowInlineLocal = false : VMs defined inline will be  global in scope if allowed.
2005-05-13 16:09:39,671 - Velocimacro : messages on  : VM system will output logging messages
2005-05-13 16:09:39,671 - Velocimacro : autoload off  : VM system will not automatically reload global library macros
2005-05-13 16:09:39,671 - Velocimacro : initialization complete.
2005-05-13 16:09:39,671 - Velocity successfully started.
2005-05-30 10:18:16,125 - Log4JLogSystem initialized using logfile velocity.log
2005-05-30 10:18:16,125 - ************************************************************** 
2005-05-30 10:18:16,125 - Starting Jakarta Velocity v1.4-dev
2005-05-30 10:18:16,125 - RuntimeInstance initializing.
2005-05-30 10:18:16,125 - Default Properties File: org\apache\velocity\runtime\defaults\velocity.properties
2005-05-30 10:18:16,125 - Trying to use logger class middlegen.DontCloseLog4JLogSystem
2005-05-30 10:18:16,125 - Using logger class middlegen.DontCloseLog4JLogSystem
2005-05-30 10:18:16,140 - Default ResourceManager initializing. (class org.apache.velocity.runtime.resource.ResourceManagerImpl)
2005-05-30 10:18:16,171 - Resource Loader Instantiated: middlegen.KindFileResourceLoader
2005-05-30 10:18:16,171 - FileResourceLoader : initialization starting.
2005-05-30 10:18:16,171 - FileResourceLoader : adding path '.'
2005-05-30 10:18:16,171 - FileResourceLoader : initialization complete.
2005-05-30 10:18:16,171 - ClasspathResourceLoader : initialization starting.
2005-05-30 10:18:16,171 - ClasspathResourceLoader : initialization complete.
2005-05-30 10:18:16,171 - ResourceCache : initialized. (class org.apache.velocity.runtime.resource.ResourceCacheImpl)
2005-05-30 10:18:16,171 - Default ResourceManager initialization complete.
2005-05-30 10:18:16,187 - Loaded System Directive: org.apache.velocity.runtime.directive.Literal
2005-05-30 10:18:16,203 - Loaded System Directive: org.apache.velocity.runtime.directive.Macro
2005-05-30 10:18:16,203 - Loaded System Directive: org.apache.velocity.runtime.directive.Parse
2005-05-30 10:18:16,218 - Loaded System Directive: org.apache.velocity.runtime.directive.Include
2005-05-30 10:18:16,218 - Loaded System Directive: org.apache.velocity.runtime.directive.Foreach
2005-05-30 10:18:16,421 - Created: 20 parsers.
2005-05-30 10:18:16,546 - Velocimacro : initialization starting.
2005-05-30 10:18:16,546 - Velocimacro : adding VMs from VM library template : VM_global_library.vm
2005-05-30 10:18:16,562 - KindFileResourceLoader : file loader failed to load: VM_global_library.vm
2005-05-30 10:18:16,593 - ResourceManager : found VM_global_library.vm with loader middlegen.KindFileResourceLoader
2005-05-30 10:18:16,593 - Velocimacro :  VM library template macro registration complete.
2005-05-30 10:18:16,593 - Velocimacro : allowInline = true : VMs can be defined inline in templates
2005-05-30 10:18:16,593 - Velocimacro : allowInlineToOverride = false : VMs defined inline may NOT replace previous VM definitions
2005-05-30 10:18:16,609 - Velocimacro : allowInlineLocal = false : VMs defined inline will be  global in scope if allowed.
2005-05-30 10:18:16,609 - Velocimacro : messages on  : VM system will output logging messages
2005-05-30 10:18:16,609 - Velocimacro : autoload off  : VM system will not automatically reload global library macros
2005-05-30 10:18:16,609 - Velocimacro : initialization complete.
2005-05-30 10:18:16,609 - Velocity successfully started.
