2005-05-30 12:57:50,390 - Log4JLogSystem initialized using logfile velocity.log
2005-05-30 12:57:50,390 - ************************************************************** 
2005-05-30 12:57:50,390 - Starting Jakarta Velocity v1.4-dev
2005-05-30 12:57:50,390 - RuntimeInstance initializing.
2005-05-30 12:57:50,390 - Default Properties File: org\apache\velocity\runtime\defaults\velocity.properties
2005-05-30 12:57:50,390 - Trying to use logger class middlegen.DontCloseLog4JLogSystem
2005-05-30 12:57:50,390 - Using logger class middlegen.DontCloseLog4JLogSystem
2005-05-30 12:57:50,406 - Default ResourceManager initializing. (class org.apache.velocity.runtime.resource.ResourceManagerImpl)
2005-05-30 12:57:50,437 - Resource Loader Instantiated: middlegen.KindFileResourceLoader
2005-05-30 12:57:50,437 - FileResourceLoader : initialization starting.
2005-05-30 12:57:50,437 - FileResourceLoader : adding path '.'
2005-05-30 12:57:50,437 - FileResourceLoader : initialization complete.
2005-05-30 12:57:50,437 - ClasspathResourceLoader : initialization starting.
2005-05-30 12:57:50,437 - ClasspathResourceLoader : initialization complete.
2005-05-30 12:57:50,437 - ResourceCache : initialized. (class org.apache.velocity.runtime.resource.ResourceCacheImpl)
2005-05-30 12:57:50,437 - Default ResourceManager initialization complete.
2005-05-30 12:57:50,453 - Loaded System Directive: org.apache.velocity.runtime.directive.Literal
2005-05-30 12:57:50,468 - Loaded System Directive: org.apache.velocity.runtime.directive.Macro
2005-05-30 12:57:50,468 - Loaded System Directive: org.apache.velocity.runtime.directive.Parse
2005-05-30 12:57:50,484 - Loaded System Directive: org.apache.velocity.runtime.directive.Include
2005-05-30 12:57:50,484 - Loaded System Directive: org.apache.velocity.runtime.directive.Foreach
2005-05-30 12:57:50,781 - Created: 20 parsers.
2005-05-30 12:57:50,828 - Velocimacro : initialization starting.
2005-05-30 12:57:50,828 - Velocimacro : adding VMs from VM library template : VM_global_library.vm
2005-05-30 12:57:50,828 - KindFileResourceLoader : file loader failed to load: VM_global_library.vm
2005-05-30 12:57:50,875 - ResourceManager : found VM_global_library.vm with loader middlegen.KindFileResourceLoader
2005-05-30 12:57:50,875 - Velocimacro :  VM library template macro registration complete.
2005-05-30 12:57:50,875 - Velocimacro : allowInline = true : VMs can be defined inline in templates
2005-05-30 12:57:50,875 - Velocimacro : allowInlineToOverride = false : VMs defined inline may NOT replace previous VM definitions
2005-05-30 12:57:50,875 - Velocimacro : allowInlineLocal = false : VMs defined inline will be  global in scope if allowed.
2005-05-30 12:57:50,875 - Velocimacro : messages on  : VM system will output logging messages
2005-05-30 12:57:50,875 - Velocimacro : autoload off  : VM system will not automatically reload global library macros
2005-05-30 12:57:50,875 - Velocimacro : initialization complete.
2005-05-30 12:57:50,875 - Velocity successfully started.
